<?xml version="1.0" encoding="UTF-8"?>
<!-- Generated by org.testng.reporters.JUnitXMLReporter -->
<testsuite hostname="user" ignored="0" name="Default test" tests="3" failures="0" timestamp="06 Jan 2019 18:58:14 GMT" time="63.52" errors="0">
  <testcase name="boarding_Testscript" time="14.417" classname="Testscript.BaseClass"/>
  <testcase name="homescreen_Testscript" time="33.336" classname="Testscript.BaseClass"/>
  <testcase name="Morepage_Testscript" time="15.724" classname="Testscript.BaseClass"/>
</testsuite> <!-- Default test -->
